# JRE version: OpenJDK Runtime Environment Temurin-21.0.9+10 (21.0.9+10) (build 21.0.9+10-LTS)
# Java VM: OpenJDK 64-Bit Server VM Temurin-21.0.9+10 (21.0.9+10-LTS, mixed mode, sharing, tiered, compressed oops, compressed class ptrs, parallel gc, windows-amd64)
GC Precious Log:
 CardTable entry size: 512
 CPUs: 12 total, 12 available
 Memory: 15710M
 Large Page Support: Disabled
 NUMA Support: Disabled
 Compressed Oops: Enabled (32-bit)
 Alignments: Space 512K, Generation 512K, Heap 2M
 Heap Min Capacity: 100M
 Heap Initial Capacity: 100M
 Heap Max Capacity: 2G
 Pre-touch: Disabled
 Parallel Workers: 10
Heap:
 PSYoungGen      total 10240K, used 9248K [0x00000000d5580000, 0x00000000d6100000, 0x0000000100000000)
  eden space 8704K, 93% used [0x00000000d5580000,0x00000000d5d683a8,0x00000000d5e00000)
  from space 1536K, 75% used [0x00000000d5e00000,0x00000000d5f20020,0x00000000d5f80000)
  to   space 1536K, 0% used [0x00000000d5f80000,0x00000000d5f80000,0x00000000d6100000)
 ParOldGen       total 846848K, used 846461K [0x0000000080000000, 0x00000000b3b00000, 0x00000000d5580000)
  object space 846848K, 99% used [0x0000000080000000,0x00000000b3a9f7a0,0x00000000b3b00000)
 Metaspace       used 89230K, committed 90944K, reserved 1179648K
  class space    used 8946K, committed 9728K, reserved 1048576K
GC Heap History (20 events):
Event: 13813.764 GC heap before
{Heap before GC invocations=2040 (full 6):
 PSYoungGen      total 9728K, used 8480K [0x00000000d5580000, 0x00000000d6180000, 0x0000000100000000)
  eden space 7680K, 100% used [0x00000000d5580000,0x00000000d5d00000,0x00000000d5d00000)
  from space 2048K, 39% used [0x00000000d5d00000,0x00000000d5dc8020,0x00000000d5f00000)
  to   space 1536K, 0% used [0x00000000d6000000,0x00000000d6000000,0x00000000d6180000)
 ParOldGen       total 838144K, used 837725K [0x0000000080000000, 0x00000000b3280000, 0x00000000d5580000)
  object space 838144K, 99% used [0x0000000080000000,0x00000000b32175e0,0x00000000b3280000)
 Metaspace       used 89206K, committed 90880K, reserved 1179648K
  class space    used 8946K, committed 9728K, reserved 1048576K
}
Event: 13813.766 GC heap after
{Heap after GC invocations=2040 (full 6):
 PSYoungGen      total 10240K, used 944K [0x00000000d5580000, 0x00000000d6100000, 0x0000000100000000)
  eden space 9216K, 0% used [0x00000000d5580000,0x00000000d5580000,0x00000000d5e80000)
  from space 1024K, 92% used [0x00000000d6000000,0x00000000d60ec030,0x00000000d6100000)
  to   space 1024K, 0% used [0x00000000d5f00000,0x00000000d5f00000,0x00000000d6000000)
 ParOldGen       total 838656K, used 838341K [0x0000000080000000, 0x00000000b3300000, 0x00000000d5580000)
  object space 838656K, 99% used [0x0000000080000000,0x00000000b32b1620,0x00000000b3300000)
 Metaspace       used 89206K, committed 90880K, reserved 1179648K
  class space    used 8946K, committed 9728K, reserved 1048576K
}
Event: 13817.709 GC heap before
{Heap before GC invocations=2041 (full 6):
 PSYoungGen      total 10240K, used 10160K [0x00000000d5580000, 0x00000000d6100000, 0x0000000100000000)
  eden space 9216K, 100% used [0x00000000d5580000,0x00000000d5e80000,0x00000000d5e80000)
  from space 1024K, 92% used [0x00000000d6000000,0x00000000d60ec030,0x00000000d6100000)
  to   space 1024K, 0% used [0x00000000d5f00000,0x00000000d5f00000,0x00000000d6000000)
 ParOldGen       total 838656K, used 838341K [0x0000000080000000, 0x00000000b3300000, 0x00000000d5580000)
  object space 838656K, 99% used [0x0000000080000000,0x00000000b32b1620,0x00000000b3300000)
 Metaspace       used 89207K, committed 90880K, reserved 1179648K
  class space    used 8946K, committed 9728K, reserved 1048576K
}
Event: 13817.712 GC heap after
{Heap after GC invocations=2041 (full 6):
 PSYoungGen      total 10240K, used 1001K [0x00000000d5580000, 0x00000000d6280000, 0x0000000100000000)
  eden space 9216K, 0% used [0x00000000d5580000,0x00000000d5580000,0x00000000d5e80000)
  from space 1024K, 97% used [0x00000000d5f00000,0x00000000d5ffa420,0x00000000d6000000)
  to   space 2048K, 0% used [0x00000000d6080000,0x00000000d6080000,0x00000000d6280000)
 ParOldGen       total 839168K, used 839053K [0x0000000080000000, 0x00000000b3380000, 0x00000000d5580000)
  object space 839168K, 99% used [0x0000000080000000,0x00000000b3363660,0x00000000b3380000)
 Metaspace       used 89207K, committed 90880K, reserved 1179648K
  class space    used 8946K, committed 9728K, reserved 1048576K
}
Event: 13817.730 GC heap before
{Heap before GC invocations=2042 (full 6):
 PSYoungGen      total 10240K, used 10217K [0x00000000d5580000, 0x00000000d6280000, 0x0000000100000000)
  eden space 9216K, 100% used [0x00000000d5580000,0x00000000d5e80000,0x00000000d5e80000)
  from space 1024K, 97% used [0x00000000d5f00000,0x00000000d5ffa420,0x00000000d6000000)
  to   space 2048K, 0% used [0x00000000d6080000,0x00000000d6080000,0x00000000d6280000)
 ParOldGen       total 839168K, used 839053K [0x0000000080000000, 0x00000000b3380000, 0x00000000d5580000)
  object space 839168K, 99% used [0x0000000080000000,0x00000000b3363660,0x00000000b3380000)
 Metaspace       used 89207K, committed 90880K, reserved 1179648K
  class space    used 8946K, committed 9728K, reserved 1048576K
}
Event: 13817.734 GC heap after
{Heap after GC invocations=2042 (full 6):
 PSYoungGen      total 10752K, used 1088K [0x00000000d5580000, 0x00000000d6200000, 0x0000000100000000)
  eden space 9216K, 0% used [0x00000000d5580000,0x00000000d5580000,0x00000000d5e80000)
  from space 1536K, 70% used [0x00000000d6080000,0x00000000d6190020,0x00000000d6200000)
  to   space 1536K, 0% used [0x00000000d5f00000,0x00000000d5f00000,0x00000000d6080000)
 ParOldGen       total 840192K, used 839910K [0x0000000080000000, 0x00000000b3480000, 0x00000000d5580000)
  object space 840192K, 99% used [0x0000000080000000,0x00000000b3439990,0x00000000b3480000)
 Metaspace       used 89207K, committed 90880K, reserved 1179648K
  class space    used 8946K, committed 9728K, reserved 1048576K
}
Event: 13817.748 GC heap before
{Heap before GC invocations=2043 (full 6):
 PSYoungGen      total 10752K, used 10304K [0x00000000d5580000, 0x00000000d6200000, 0x0000000100000000)
  eden space 9216K, 100% used [0x00000000d5580000,0x00000000d5e80000,0x00000000d5e80000)
  from space 1536K, 70% used [0x00000000d6080000,0x00000000d6190020,0x00000000d6200000)
  to   space 1536K, 0% used [0x00000000d5f00000,0x00000000d5f00000,0x00000000d6080000)
 ParOldGen       total 840192K, used 839910K [0x0000000080000000, 0x00000000b3480000, 0x00000000d5580000)
  object space 840192K, 99% used [0x0000000080000000,0x00000000b3439990,0x00000000b3480000)
 Metaspace       used 89207K, committed 90880K, reserved 1179648K
  class space    used 8946K, committed 9728K, reserved 1048576K
}
Event: 13817.751 GC heap after
{Heap after GC invocations=2043 (full 6):
 PSYoungGen      total 10240K, used 969K [0x00000000d5580000, 0x00000000d6180000, 0x0000000100000000)
  eden space 9216K, 0% used [0x00000000d5580000,0x00000000d5580000,0x00000000d5e80000)
  from space 1024K, 94% used [0x00000000d5f00000,0x00000000d5ff2420,0x00000000d6000000)
  to   space 1536K, 0% used [0x00000000d6000000,0x00000000d6000000,0x00000000d6180000)
 ParOldGen       total 841216K, used 840934K [0x0000000080000000, 0x00000000b3580000, 0x00000000d5580000)
  object space 841216K, 99% used [0x0000000080000000,0x00000000b35399d0,0x00000000b3580000)
 Metaspace       used 89207K, committed 90880K, reserved 1179648K
  class space    used 8946K, committed 9728K, reserved 1048576K
}
Event: 13817.764 GC heap before
{Heap before GC invocations=2044 (full 6):
 PSYoungGen      total 10240K, used 10185K [0x00000000d5580000, 0x00000000d6180000, 0x0000000100000000)
  eden space 9216K, 100% used [0x00000000d5580000,0x00000000d5e80000,0x00000000d5e80000)
  from space 1024K, 94% used [0x00000000d5f00000,0x00000000d5ff2420,0x00000000d6000000)
  to   space 1536K, 0% used [0x00000000d6000000,0x00000000d6000000,0x00000000d6180000)
 ParOldGen       total 841216K, used 840934K [0x0000000080000000, 0x00000000b3580000, 0x00000000d5580000)
  object space 841216K, 99% used [0x0000000080000000,0x00000000b35399d0,0x00000000b3580000)
 Metaspace       used 89210K, committed 90944K, reserved 1179648K
  class space    used 8946K, committed 9728K, reserved 1048576K
}
Event: 13817.767 GC heap after
{Heap after GC invocations=2044 (full 6):
 PSYoungGen      total 10240K, used 1488K [0x00000000d5580000, 0x00000000d6280000, 0x0000000100000000)
  eden space 8704K, 0% used [0x00000000d5580000,0x00000000d5580000,0x00000000d5e00000)
  from space 1536K, 96% used [0x00000000d6000000,0x00000000d6174030,0x00000000d6180000)
  to   space 2048K, 0% used [0x00000000d5e00000,0x00000000d5e00000,0x00000000d6000000)
 ParOldGen       total 842240K, used 841738K [0x0000000080000000, 0x00000000b3680000, 0x00000000d5580000)
  object space 842240K, 99% used [0x0000000080000000,0x00000000b3602990,0x00000000b3680000)
 Metaspace       used 89210K, committed 90944K, reserved 1179648K
  class space    used 8946K, committed 9728K, reserved 1048576K
}
Event: 13817.783 GC heap before
{Heap before GC invocations=2045 (full 6):
 PSYoungGen      total 10240K, used 10192K [0x00000000d5580000, 0x00000000d6280000, 0x0000000100000000)
  eden space 8704K, 100% used [0x00000000d5580000,0x00000000d5e00000,0x00000000d5e00000)
  from space 1536K, 96% used [0x00000000d6000000,0x00000000d6174030,0x00000000d6180000)
  to   space 2048K, 0% used [0x00000000d5e00000,0x00000000d5e00000,0x00000000d6000000)
 ParOldGen       total 842240K, used 841738K [0x0000000080000000, 0x00000000b3680000, 0x00000000d5580000)
  object space 842240K, 99% used [0x0000000080000000,0x00000000b3602990,0x00000000b3680000)
 Metaspace       used 89223K, committed 90944K, reserved 1179648K
  class space    used 8946K, committed 9728K, reserved 1048576K
}
Event: 13817.786 GC heap after
{Heap after GC invocations=2045 (full 6):
 PSYoungGen      total 10240K, used 1248K [0x00000000d5580000, 0x00000000d6100000, 0x0000000100000000)
  eden space 8704K, 0% used [0x00000000d5580000,0x00000000d5580000,0x00000000d5e00000)
  from space 1536K, 81% used [0x00000000d5e00000,0x00000000d5f38020,0x00000000d5f80000)
  to   space 1536K, 0% used [0x00000000d5f80000,0x00000000d5f80000,0x00000000d6100000)
 ParOldGen       total 843264K, used 843174K [0x0000000080000000, 0x00000000b3780000, 0x00000000d5580000)
  object space 843264K, 99% used [0x0000000080000000,0x00000000b37698d0,0x00000000b3780000)
 Metaspace       used 89223K, committed 90944K, reserved 1179648K
  class space    used 8946K, committed 9728K, reserved 1048576K
}
Event: 13818.123 GC heap before
{Heap before GC invocations=2046 (full 6):
 PSYoungGen      total 10240K, used 9921K [0x00000000d5580000, 0x00000000d6100000, 0x0000000100000000)
  eden space 8704K, 99% used [0x00000000d5580000,0x00000000d5df84b8,0x00000000d5e00000)
  from space 1536K, 81% used [0x00000000d5e00000,0x00000000d5f38020,0x00000000d5f80000)
  to   space 1536K, 0% used [0x00000000d5f80000,0x00000000d5f80000,0x00000000d6100000)
 ParOldGen       total 843264K, used 843174K [0x0000000080000000, 0x00000000b3780000, 0x00000000d5580000)
  object space 843264K, 99% used [0x0000000080000000,0x00000000b37698d0,0x00000000b3780000)
 Metaspace       used 89228K, committed 90944K, reserved 1179648K
  class space    used 8946K, committed 9728K, reserved 1048576K
}
Event: 13818.127 GC heap after
{Heap after GC invocations=2046 (full 6):
 PSYoungGen      total 9728K, used 596K [0x00000000d5580000, 0x00000000d6080000, 0x0000000100000000)
  eden space 8704K, 0% used [0x00000000d5580000,0x00000000d5580000,0x00000000d5e00000)
  from space 1024K, 58% used [0x00000000d5f80000,0x00000000d6015220,0x00000000d6080000)
  to   space 1024K, 0% used [0x00000000d5e80000,0x00000000d5e80000,0x00000000d5f80000)
 ParOldGen       total 844800K, used 844297K [0x0000000080000000, 0x00000000b3900000, 0x00000000d5580000)
  object space 844800K, 99% used [0x0000000080000000,0x00000000b3882610,0x00000000b3900000)
 Metaspace       used 89228K, committed 90944K, reserved 1179648K
  class space    used 8946K, committed 9728K, reserved 1048576K
}
Event: 13818.141 GC heap before
{Heap before GC invocations=2047 (full 6):
 PSYoungGen      total 9728K, used 9300K [0x00000000d5580000, 0x00000000d6080000, 0x0000000100000000)
  eden space 8704K, 100% used [0x00000000d5580000,0x00000000d5e00000,0x00000000d5e00000)
  from space 1024K, 58% used [0x00000000d5f80000,0x00000000d6015220,0x00000000d6080000)
  to   space 1024K, 0% used [0x00000000d5e80000,0x00000000d5e80000,0x00000000d5f80000)
 ParOldGen       total 844800K, used 844297K [0x0000000080000000, 0x00000000b3900000, 0x00000000d5580000)
  object space 844800K, 99% used [0x0000000080000000,0x00000000b3882610,0x00000000b3900000)
 Metaspace       used 89228K, committed 90944K, reserved 1179648K
  class space    used 8946K, committed 9728K, reserved 1048576K
}
Event: 13818.145 GC heap after
{Heap after GC invocations=2047 (full 6):
 PSYoungGen      total 9728K, used 992K [0x00000000d5580000, 0x00000000d6200000, 0x0000000100000000)
  eden space 8704K, 0% used [0x00000000d5580000,0x00000000d5580000,0x00000000d5e00000)
  from space 1024K, 96% used [0x00000000d5e80000,0x00000000d5f78020,0x00000000d5f80000)
  to   space 2048K, 0% used [0x00000000d6000000,0x00000000d6000000,0x00000000d6200000)
 ParOldGen       total 844800K, used 844702K [0x0000000080000000, 0x00000000b3900000, 0x00000000d5580000)
  object space 844800K, 99% used [0x0000000080000000,0x00000000b38e7820,0x00000000b3900000)
 Metaspace       used 89228K, committed 90944K, reserved 1179648K
  class space    used 8946K, committed 9728K, reserved 1048576K
}
Event: 13818.160 GC heap before
{Heap before GC invocations=2048 (full 6):
 PSYoungGen      total 9728K, used 9696K [0x00000000d5580000, 0x00000000d6200000, 0x0000000100000000)
  eden space 8704K, 100% used [0x00000000d5580000,0x00000000d5e00000,0x00000000d5e00000)
  from space 1024K, 96% used [0x00000000d5e80000,0x00000000d5f78020,0x00000000d5f80000)
  to   space 2048K, 0% used [0x00000000d6000000,0x00000000d6000000,0x00000000d6200000)
 ParOldGen       total 844800K, used 844702K [0x0000000080000000, 0x00000000b3900000, 0x00000000d5580000)
  object space 844800K, 99% used [0x0000000080000000,0x00000000b38e7820,0x00000000b3900000)
 Metaspace       used 89228K, committed 90944K, reserved 1179648K
  class space    used 8946K, committed 9728K, reserved 1048576K
}
Event: 13818.165 GC heap after
{Heap after GC invocations=2048 (full 6):
 PSYoungGen      total 9728K, used 1012K [0x00000000d5580000, 0x00000000d6100000, 0x0000000100000000)
  eden space 8704K, 0% used [0x00000000d5580000,0x00000000d5580000,0x00000000d5e00000)
  from space 1024K, 98% used [0x00000000d6000000,0x00000000d60fd220,0x00000000d6100000)
  to   space 1536K, 0% used [0x00000000d5e00000,0x00000000d5e00000,0x00000000d5f80000)
 ParOldGen       total 845824K, used 845654K [0x0000000080000000, 0x00000000b3a00000, 0x00000000d5580000)
  object space 845824K, 99% used [0x0000000080000000,0x00000000b39d5860,0x00000000b3a00000)
 Metaspace       used 89228K, committed 90944K, reserved 1179648K
  class space    used 8946K, committed 9728K, reserved 1048576K
}
Event: 13818.179 GC heap before
{Heap before GC invocations=2049 (full 6):
 PSYoungGen      total 9728K, used 9716K [0x00000000d5580000, 0x00000000d6100000, 0x0000000100000000)
  eden space 8704K, 100% used [0x00000000d5580000,0x00000000d5e00000,0x00000000d5e00000)
  from space 1024K, 98% used [0x00000000d6000000,0x00000000d60fd220,0x00000000d6100000)
  to   space 1536K, 0% used [0x00000000d5e00000,0x00000000d5e00000,0x00000000d5f80000)
 ParOldGen       total 845824K, used 845654K [0x0000000080000000, 0x00000000b3a00000, 0x00000000d5580000)
  object space 845824K, 99% used [0x0000000080000000,0x00000000b39d5860,0x00000000b3a00000)
 Metaspace       used 89228K, committed 90944K, reserved 1179648K
  class space    used 8946K, committed 9728K, reserved 1048576K
}
Event: 13818.183 GC heap after
{Heap after GC invocations=2049 (full 6):
 PSYoungGen      total 10240K, used 1152K [0x00000000d5580000, 0x00000000d6100000, 0x0000000100000000)
  eden space 8704K, 0% used [0x00000000d5580000,0x00000000d5580000,0x00000000d5e00000)
  from space 1536K, 75% used [0x00000000d5e00000,0x00000000d5f20020,0x00000000d5f80000)
  to   space 1536K, 0% used [0x00000000d5f80000,0x00000000d5f80000,0x00000000d6100000)
 ParOldGen       total 846848K, used 846461K [0x0000000080000000, 0x00000000b3b00000, 0x00000000d5580000)
  object space 846848K, 99% used [0x0000000080000000,0x00000000b3a9f7a0,0x00000000b3b00000)
 Metaspace       used 89228K, committed 90944K, reserved 1179648K
  class space    used 8946K, committed 9728K, reserved 1048576K
}

